<?xml version="1.0" ?>
<!DOCTYPE coverage
  SYSTEM 'http://cobertura.sourceforge.net/xml/coverage-04.dtd'>
<coverage branch-rate="0.2664282064384262" branches-covered="5214"
 branches-valid="19570" complexity="0.0" line-rate="0.8087829360100376"
 lines-covered="3223" lines-valid="3985" timestamp="1648621558" version="gcovr
 4.1">
 <sources>
  <source>./</source>
 </sources>
 <packages>
  <package branch-rate="0.2426470588235294" complexity="0.0"
   line-rate="0.5289139633286318" name="src">
   <classes>
    <class branch-rate="0.15252525252525254" complexity="0.0"
     filename="src/DbInterface.cpp" line-rate="0.36739659367396593"
     name="DbInterface_cpp">
     <methods/>
     <lines>
      <line branch="false" hits="90" number="56"/>
      <line branch="true" condition-coverage="50% (2/4)" hits="90"
       number="59">
       <conditions>
        <condition coverage="50%" number="0" type="jump"/>
       </conditions>
      </line>
      <line branch="false" hits="90" number="61"/>
      <line branch="false" hits="0" number="69"/>
      <line branch="true" condition-coverage="0% (0/28)" hits="0" number="71">
       <conditions>
        <condition coverage="0%" number="0" type="jump"/>
       </conditions>
      </line>
      <line branch="false" hits="0" number="73"/>
      <line branch="true" condition-coverage="0% (0/6)" hits="0" number="74">
       <conditions>
        <condition coverage="0%" number="0" type="jump"/>
       </conditions>
      </line>
      <line branch="false" hits="0" number="86"/>
      <line branch="true" condition-coverage="0% (0/34)" hits="0" number="88">
       <conditions>
        <condition coverage="0%" number="0" type="jump"/>
       </conditions>
      </line>
      <line branch="false" hits="0" number="90"/>
      <line branch="true" condition-coverage="0% (0/6)" hits="0" number="91">
       <conditions>
        <condition coverage="0%" number="0" type="jump"/>
       </conditions>
      </line>
      <line branch="false" hits="0" number="104"/>
      <line branch="true" condition-coverage="0% (0/28)" hits="0"
       number="106">
       <conditions>
        <condition coverage="0%" number="0" type="jump"/>
       </conditions>
      </line>
      <line branch="false" hits="0" number="108"/>
      <line branch="true" condition-coverage="0% (0/6)" hits="0" number="109">
       <conditions>
        <condition coverage="0%" number="0" type="jump"/>
       </conditions>
      </line>
      <line branch="false" hits="0" number="121"/>
      <line branch="true" condition-coverage="0% (0/34)" hits="0"
       number="123">
       <conditions>
        <condition coverage="0%" number="0" type="jump"/>
       </conditions>
      </line>
      <line branch="false" hits="0" number="125"/>
      <line branch="true" condition-coverage="0% (0/6)" hits="0" number="126">
       <conditions>
        <condition coverage="0%" number="0" type="jump"/>
       </conditions>
      </line>
      <line branch="false" hits="0" number="142"/>
      <line branch="true" condition-coverage="0% (0/32)" hits="0"
       number="148">
       <conditions>
        <condition coverage="0%" number="0" type="jump"/>
       </conditions>
      </line>
      <line branch="true" condition-coverage="0% (0/4)" hits="0" number="152">
       <conditions>
        <condition coverage="0%" number="0" type="jump"/>
       </conditions>
      </line>
      <line branch="false" hits="0" number="154"/>
      <line branch="true" condition-coverage="0% (0/6)" hits="0" number="155">
       <conditions>
        <condition coverage="0%" number="0" type="jump"/>
       </conditions>
      </line>
      <line branch="false" hits="0" number="172"/>
      <line branch="true" condition-coverage="0% (0/30)" hits="0"
       number="177">
       <conditions>
        <condition coverage="0%" number="0" type="jump"/>
       </conditions>
      </line>
      <line branch="true" condition-coverage="0% (0/4)" hits="0" number="180">
       <conditions>
        <condition coverage="0%" number="0" type="jump"/>
       </conditions>
      </line>
      <line branch="false" hits="0" number="182"/>
      <line branch="true" condition-coverage="0% (0/6)" hits="0" number="183">
       <conditions>
        <condition coverage="0%" number="0" type="jump"/>
       </conditions>
      </line>
      <line branch="false" hits="0" number="199"/>
      <line branch="true" condition-coverage="0% (0/32)" hits="0"
       number="205">
       <conditions>
        <condition coverage="0%" number="0" type="jump"/>
       </conditions>
      </line>
      <line branch="true" condition-coverage="0% (0/4)" hits="0" number="209">
       <conditions>
        <condition coverage="0%" number="0" type="jump"/>
       </conditions>
      </line>
      <line branch="false" hits="0" number="211"/>
      <line branch="true" condition-coverage="0% (0/6)" hits="0" number="212">
       <conditions>
        <condition coverage="0%" number="0" type="jump"/>
       </conditions>
      </line>
      <line branch="false" hits="0" number="226"/>
      <line branch="true" condition-coverage="0% (0/2)" hits="0" number="229">
       <conditions>
        <condition coverage="0%" number="0" type="jump"/>
       </conditions>
      </line>
      <line branch="true" condition-coverage="0% (0/2)" hits="0" number="230">
       <conditions>
        <condition coverage="0%" number="0" type="jump"/>
       </conditions>
      </line>
      <line branch="false" hits="0" number="232"/>
      <line branch="true" condition-coverage="0% (0/2)" hits="0" number="233">
       <conditions>
        <condition coverage="0%" number="0" type="jump"/>
       </conditions>
      </line>
      <line branch="false" hits="0" number="234"/>
      <line branch="false" hits="0" number="235"/>
      <line branch="true" condition-coverage="0% (0/2)" hits="0" number="236">
       <conditions>
        <condition coverage="0%" number="0" type="jump"/>
       </conditions>
      </line>
      <line branch="false" hits="0" number="237"/>
      <line branch="false" hits="0" number="238"/>
      <line branch="true" condition-coverage="0% (0/2)" hits="0" number="239">
       <conditions>
        <condition coverage="0%" number="0" type="jump"/>
       </conditions>
      </line>
      <line branch="false" hits="0" number="240"/>
      <line branch="false" hits="0" number="241"/>
      <line branch="true" condition-coverage="0% (0/2)" hits="0" number="242">
       <conditions>
        <condition coverage="0%" number="0" type="jump"/>
       </conditions>
      </line>
      <line branch="false" hits="0" number="243"/>
      <line branch="false" hits="0" number="244"/>
      <line branch="true" condition-coverage="0% (0/2)" hits="0" number="245">
       <conditions>
        <condition coverage="0%" number="0" type="jump"/>
       </conditions>
      </line>
      <line branch="false" hits="0" number="246"/>
      <line branch="true" condition-coverage="0% (0/2)" hits="0" number="247">
       <conditions>
        <condition coverage="0%" number="0" type="jump"/>
       </conditions>
      </line>
      <line branch="true" condition-coverage="0% (0/2)" hits="0" number="249">
       <conditions>
        <condition coverage="0%" number="0" type="jump"/>
       </conditions>
      </line>
      <line branch="false" hits="0" number="251"/>
      <line branch="true" condition-coverage="0% (0/2)" hits="0" number="252">
       <conditions>
        <condition coverage="0%" number="0" type="jump"/>
       </conditions>
      </line>
      <line branch="true" condition-coverage="0% (0/4)" hits="0" number="253">
       <conditions>
        <condition coverage="0%" number="0" type="jump"/>
       </conditions>
      </line>
      <line branch="true" condition-coverage="0% (0/2)" hits="0" number="255">
       <conditions>
        <condition coverage="0%" number="0" type="jump"/>
       </conditions>
      </line>
      <line branch="false" hits="0" number="264"/>
      <line branch="false" hits="0" number="266"/>
      <line branch="false" hits="2" number="274"/>
      <line branch="true" condition-coverage="52% (19/36)" hits="4"
       number="276">
       <conditions>
        <condition coverage="52%" number="0" type="jump"/>
       </conditions>
      </line>
      <line branch="true" condition-coverage="50% (1/2)" hits="2"
       number="278">
       <conditions>
        <condition coverage="50%" number="0" type="jump"/>
       </conditions>
      </line>
      <line branch="true" condition-coverage="50% (1/2)" hits="2"
       number="279">
       <conditions>
        <condition coverage="50%" number="0" type="jump"/>
       </conditions>
      </line>
      <line branch="false" hits="2" number="282"/>
      <line branch="true" condition-coverage="50% (1/2)" hits="2"
       number="284">
       <conditions>
        <condition coverage="50%" number="0" type="jump"/>
       </conditions>
      </line>
      <line branch="false" hits="2" number="286"/>
      <line branch="false" hits="0" number="293"/>
      <line branch="true" condition-coverage="0% (0/30)" hits="0"
       number="295">
       <conditions>
        <condition coverage="0%" number="0" type="jump"/>
       </conditions>
      </line>
      <line branch="false" hits="0" number="297"/>
      <line branch="true" condition-coverage="0% (0/6)" hits="0" number="298">
       <conditions>
        <condition coverage="0%" number="0" type="jump"/>
       </conditions>
      </line>
      <line branch="true" condition-coverage="0% (0/2)" hits="0" number="299">
       <conditions>
        <condition coverage="0%" number="0" type="jump"/>
       </conditions>
      </line>
      <line branch="false" hits="0" number="308"/>
      <line branch="true" condition-coverage="0% (0/34)" hits="0"
       number="310">
       <conditions>
        <condition coverage="0%" number="0" type="jump"/>
       </conditions>
      </line>
      <line branch="true" condition-coverage="0% (0/2)" hits="0" number="312">
       <conditions>
        <condition coverage="0%" number="0" type="jump"/>
       </conditions>
      </line>
      <line branch="false" hits="0" number="314"/>
      <line branch="true" condition-coverage="0% (0/4)" hits="0" number="315">
       <conditions>
        <condition coverage="0%" number="0" type="jump"/>
       </conditions>
      </line>
      <line branch="true" condition-coverage="0% (0/6)" hits="0" number="316">
       <conditions>
        <condition coverage="0%" number="0" type="jump"/>
       </conditions>
      </line>
      <line branch="false" hits="0" number="325"/>
      <line branch="true" condition-coverage="0% (0/32)" hits="0"
       number="327">
       <conditions>
        <condition coverage="0%" number="0" type="jump"/>
       </conditions>
      </line>
      <line branch="true" condition-coverage="0% (0/10)" hits="0"
       number="329">
       <conditions>
        <condition coverage="0%" number="0" type="jump"/>
       </conditions>
      </line>
      <line branch="false" hits="0" number="337"/>
      <line branch="true" condition-coverage="0% (0/34)" hits="0"
       number="342">
       <conditions>
        <condition coverage="0%" number="0" type="jump"/>
       </conditions>
      </line>
      <line branch="true" condition-coverage="0% (0/2)" hits="0" number="344">
       <conditions>
        <condition coverage="0%" number="0" type="jump"/>
       </conditions>
      </line>
      <line branch="true" condition-coverage="0% (0/8)" hits="0" number="345">
       <conditions>
        <condition coverage="0%" number="0" type="jump"/>
       </conditions>
      </line>
      <line branch="false" hits="0" number="358"/>
      <line branch="true" condition-coverage="0% (0/32)" hits="0"
       number="365">
       <conditions>
        <condition coverage="0%" number="0" type="jump"/>
       </conditions>
      </line>
      <line branch="true" condition-coverage="0% (0/4)" hits="0" number="369">
       <conditions>
        <condition coverage="0%" number="0" type="jump"/>
       </conditions>
      </line>
      <line branch="true" condition-coverage="0% (0/2)" hits="0" number="371">
       <conditions>
        <condition coverage="0%" number="0" type="jump"/>
       </conditions>
      </line>
      <line branch="true" condition-coverage="0% (0/6)" hits="0" number="372">
       <conditions>
        <condition coverage="0%" number="0" type="jump"/>
       </conditions>
      </line>
      <line branch="true" condition-coverage="0% (0/6)" hits="0" number="375">
       <conditions>
        <condition coverage="0%" number="0" type="jump"/>
       </conditions>
      </line>
      <line branch="true" condition-coverage="0% (0/6)" hits="0" number="377">
       <conditions>
        <condition coverage="0%" number="0" type="jump"/>
       </conditions>
      </line>
      <line branch="true" condition-coverage="0% (0/2)" hits="0" number="378">
       <conditions>
        <condition coverage="0%" number="0" type="jump"/>
       </conditions>
      </line>
      <line branch="false" hits="0" number="379"/>
      <line branch="false" hits="0" number="390"/>
      <line branch="true" condition-coverage="0% (0/30)" hits="0"
       number="396">
       <conditions>
        <condition coverage="0%" number="0" type="jump"/>
       </conditions>
      </line>
      <line branch="true" condition-coverage="0% (0/4)" hits="0" number="399">
       <conditions>
        <condition coverage="0%" number="0" type="jump"/>
       </conditions>
      </line>
      <line branch="true" condition-coverage="0% (0/2)" hits="0" number="401">
       <conditions>
        <condition coverage="0%" number="0" type="jump"/>
       </conditions>
      </line>
      <line branch="true" condition-coverage="0% (0/6)" hits="0" number="402">
       <conditions>
        <condition coverage="0%" number="0" type="jump"/>
       </conditions>
      </line>
      <line branch="true" condition-coverage="0% (0/6)" hits="0" number="403">
       <conditions>
        <condition coverage="0%" number="0" type="jump"/>
       </conditions>
      </line>
      <line branch="true" condition-coverage="0% (0/8)" hits="0" number="406">
       <conditions>
        <condition coverage="0%" number="0" type="jump"/>
       </conditions>
      </line>
      <line branch="false" hits="0" number="417"/>
      <line branch="true" condition-coverage="0% (0/32)" hits="0"
       number="423">
       <conditions>
        <condition coverage="0%" number="0" type="jump"/>
       </conditions>
      </line>
      <line branch="true" condition-coverage="0% (0/4)" hits="0" number="427">
       <conditions>
        <condition coverage="0%" number="0" type="jump"/>
       </conditions>
      </line>
      <line branch="true" condition-coverage="0% (0/10)" hits="0"
       number="429">
       <conditions>
        <condition coverage="0%" number="0" type="jump"/>
       </conditions>
      </line>
      <line branch="true" condition-coverage="0% (0/10)" hits="0"
       number="430">
       <conditions>
        <condition coverage="0%" number="0" type="jump"/>
       </conditions>
      </line>
      <line branch="false" hits="2" number="438"/>
      <line branch="true" condition-coverage="100% (2/2)" hits="2"
       number="441">
       <conditions>
        <condition coverage="100%" number="0" type="jump"/>
       </conditions>
      </line>
      <line branch="false" hits="1" number="444"/>
      <line branch="false" hits="1" number="445"/>
      <line branch="false" hits="2" number="447"/>
      <line branch="true" condition-coverage="50% (1/2)" hits="1"
       number="448">
       <conditions>
        <condition coverage="50%" number="0" type="jump"/>
       </conditions>
      </line>
      <line branch="false" hits="1" number="450"/>
      <line branch="false" hits="0" number="457"/>
      <line branch="true" condition-coverage="0% (0/30)" hits="0"
       number="459">
       <conditions>
        <condition coverage="0%" number="0" type="jump"/>
       </conditions>
      </line>
      <line branch="true" condition-coverage="0% (0/4)" hits="0" number="461">
       <conditions>
        <condition coverage="0%" number="0" type="jump"/>
       </conditions>
      </line>
      <line branch="true" condition-coverage="0% (0/2)" hits="0" number="462">
       <conditions>
        <condition coverage="0%" number="0" type="jump"/>
       </conditions>
      </line>
      <line branch="true" condition-coverage="0% (0/2)" hits="0" number="463">
       <conditions>
        <condition coverage="0%" number="0" type="jump"/>
       </conditions>
      </line>
      <line branch="false" hits="0" number="464"/>
      <line branch="true" condition-coverage="0% (0/4)" hits="0" number="466">
       <conditions>
        <condition coverage="0%" number="0" type="jump"/>
       </conditions>
      </line>
      <line branch="true" condition-coverage="0% (0/2)" hits="0" number="467">
       <conditions>
        <condition coverage="0%" number="0" type="jump"/>
       </conditions>
      </line>
      <line branch="true" condition-coverage="0% (0/2)" hits="0" number="469">
       <conditions>
        <condition coverage="0%" number="0" type="jump"/>
       </conditions>
      </line>
      <line branch="false" hits="2" number="478"/>
      <line branch="true" condition-coverage="50% (1/2)" hits="4"
       number="480">
       <conditions>
        <condition coverage="50%" number="0" type="jump"/>
       </conditions>
      </line>
      <line branch="false" hits="2" number="481"/>
      <line branch="true" condition-coverage="100% (2/2)" hits="8"
       number="483">
       <conditions>
        <condition coverage="100%" number="0" type="jump"/>
       </conditions>
      </line>
      <line branch="false" hits="6" number="484"/>
      <line branch="true" condition-coverage="100% (2/2)" hits="6"
       number="485">
       <conditions>
        <condition coverage="100%" number="0" type="jump"/>
       </conditions>
      </line>
      <line branch="true" condition-coverage="50% (1/2)" hits="8"
       number="486">
       <conditions>
        <condition coverage="50%" number="0" type="jump"/>
       </conditions>
      </line>
      <line branch="true" condition-coverage="52% (18/34)" hits="8"
       number="487">
       <conditions>
        <condition coverage="52%" number="0" type="jump"/>
       </conditions>
      </line>
      <line branch="false" hits="4" number="489"/>
      <line branch="true" condition-coverage="50% (1/2)" hits="4"
       number="490">
       <conditions>
        <condition coverage="50%" number="0" type="jump"/>
       </conditions>
      </line>
      <line branch="true" condition-coverage="50% (1/2)" hits="4"
       number="491">
       <conditions>
        <condition coverage="50%" number="0" type="jump"/>
       </conditions>
      </line>
      <line branch="false" hits="4" number="493"/>
      <line branch="false" hits="4" number="494"/>
      <line branch="true" condition-coverage="100% (2/2)" hits="4"
       number="495">
       <conditions>
        <condition coverage="100%" number="0" type="jump"/>
       </conditions>
      </line>
      <line branch="true" condition-coverage="100% (2/2)" hits="3"
       number="496">
       <conditions>
        <condition coverage="100%" number="0" type="jump"/>
       </conditions>
      </line>
      <line branch="false" hits="1" number="497"/>
      <line branch="false" hits="1" number="498"/>
      <line branch="false" hits="2" number="499"/>
      <line branch="true" condition-coverage="52% (19/36)" hits="2"
       number="503">
       <conditions>
        <condition coverage="52%" number="0" type="jump"/>
       </conditions>
      </line>
      <line branch="true" condition-coverage="100% (2/2)" hits="2"
       number="508">
       <conditions>
        <condition coverage="100%" number="0" type="jump"/>
       </conditions>
      </line>
      <line branch="true" condition-coverage="50% (1/2)" hits="1"
       number="509">
       <conditions>
        <condition coverage="50%" number="0" type="jump"/>
       </conditions>
      </line>
      <line branch="false" hits="1" number="511"/>
      <line branch="false" hits="0" number="518"/>
      <line branch="true" condition-coverage="0% (0/30)" hits="0"
       number="520">
       <conditions>
        <condition coverage="0%" number="0" type="jump"/>
       </conditions>
      </line>
      <line branch="true" condition-coverage="0% (0/4)" hits="0" number="521">
       <conditions>
        <condition coverage="0%" number="0" type="jump"/>
       </conditions>
      </line>
      <line branch="false" hits="0" number="522"/>
      <line branch="true" condition-coverage="0% (0/2)" hits="0" number="524">
       <conditions>
        <condition coverage="0%" number="0" type="jump"/>
       </conditions>
      </line>
      <line branch="true" condition-coverage="0% (0/2)" hits="0" number="525">
       <conditions>
        <condition coverage="0%" number="0" type="jump"/>
       </conditions>
      </line>
      <line branch="false" hits="19" number="533"/>
      <line branch="true" condition-coverage="100% (2/2)" hits="57"
       number="535">
       <conditions>
        <condition coverage="100%" number="0" type="jump"/>
       </conditions>
      </line>
      <line branch="true" condition-coverage="50% (1/2)" hits="76"
       number="536">
       <conditions>
        <condition coverage="50%" number="0" type="jump"/>
       </conditions>
      </line>
      <line branch="true" condition-coverage="50% (1/2)" hits="76"
       number="537">
       <conditions>
        <condition coverage="50%" number="0" type="jump"/>
       </conditions>
      </line>
      <line branch="true" condition-coverage="50% (1/2)" hits="76"
       number="538">
       <conditions>
        <condition coverage="50%" number="0" type="jump"/>
       </conditions>
      </line>
      <line branch="false" hits="38" number="543"/>
      <line branch="true" condition-coverage="50% (1/2)" hits="38"
       number="544">
       <conditions>
        <condition coverage="50%" number="0" type="jump"/>
       </conditions>
      </line>
      <line branch="true" condition-coverage="50% (1/2)" hits="38"
       number="545">
       <conditions>
        <condition coverage="50%" number="0" type="jump"/>
       </conditions>
      </line>
      <line branch="true" condition-coverage="50% (1/2)" hits="76"
       number="546">
       <conditions>
        <condition coverage="50%" number="0" type="jump"/>
       </conditions>
      </line>
      <line branch="true" condition-coverage="50% (1/2)" hits="76"
       number="547">
       <conditions>
        <condition coverage="50%" number="0" type="jump"/>
       </conditions>
      </line>
      <line branch="true" condition-coverage="55% (21/38)" hits="54"
       number="549">
       <conditions>
        <condition coverage="55%" number="0" type="jump"/>
       </conditions>
      </line>
      <line branch="false" hits="38" number="551"/>
      <line branch="true" condition-coverage="50% (1/2)" hits="38"
       number="552">
       <conditions>
        <condition coverage="50%" number="0" type="jump"/>
       </conditions>
      </line>
      <line branch="true" condition-coverage="50% (1/2)" hits="38"
       number="553">
       <conditions>
        <condition coverage="50%" number="0" type="jump"/>
       </conditions>
      </line>
      <line branch="false" hits="38" number="556"/>
      <line branch="false" hits="38" number="557"/>
      <line branch="true" condition-coverage="100% (2/2)" hits="38"
       number="558">
       <conditions>
        <condition coverage="100%" number="0" type="jump"/>
       </conditions>
      </line>
      <line branch="true" condition-coverage="50% (1/2)" hits="19"
       number="559">
       <conditions>
        <condition coverage="50%" number="0" type="jump"/>
       </conditions>
      </line>
      <line branch="true" condition-coverage="50% (2/4)" hits="19"
       number="560">
       <conditions>
        <condition coverage="50%" number="0" type="jump"/>
       </conditions>
      </line>
      <line branch="true" condition-coverage="52% (18/34)" hits="57"
       number="562">
       <conditions>
        <condition coverage="52%" number="0" type="jump"/>
       </conditions>
      </line>
      <line branch="true" condition-coverage="50% (2/4)" hits="19"
       number="566">
       <conditions>
        <condition coverage="50%" number="0" type="jump"/>
       </conditions>
      </line>
      <line branch="false" hits="19" number="570"/>
      <line branch="false" hits="0" number="577"/>
      <line branch="true" condition-coverage="0% (0/30)" hits="0"
       number="579">
       <conditions>
        <condition coverage="0%" number="0" type="jump"/>
       </conditions>
      </line>
      <line branch="true" condition-coverage="0% (0/4)" hits="0" number="580">
       <conditions>
        <condition coverage="0%" number="0" type="jump"/>
       </conditions>
      </line>
      <line branch="false" hits="0" number="581"/>
      <line branch="true" condition-coverage="0% (0/2)" hits="0" number="583">
       <conditions>
        <condition coverage="0%" number="0" type="jump"/>
       </conditions>
      </line>
      <line branch="true" condition-coverage="0% (0/2)" hits="0" number="584">
       <conditions>
        <condition coverage="0%" number="0" type="jump"/>
       </conditions>
      </line>
      <line branch="false" hits="0" number="592"/>
      <line branch="true" condition-coverage="0% (0/2)" hits="0" number="594">
       <conditions>
        <condition coverage="0%" number="0" type="jump"/>
       </conditions>
      </line>
      <line branch="true" condition-coverage="0% (0/2)" hits="0" number="595">
       <conditions>
        <condition coverage="0%" number="0" type="jump"/>
       </conditions>
      </line>
      <line branch="true" condition-coverage="0% (0/2)" hits="0" number="596">
       <conditions>
        <condition coverage="0%" number="0" type="jump"/>
       </conditions>
      </line>
      <line branch="true" condition-coverage="0% (0/2)" hits="0" number="597">
       <conditions>
        <condition coverage="0%" number="0" type="jump"/>
       </conditions>
      </line>
      <line branch="true" condition-coverage="0% (0/2)" hits="0" number="599">
       <conditions>
        <condition coverage="0%" number="0" type="jump"/>
       </conditions>
      </line>
      <line branch="false" hits="0" number="603"/>
      <line branch="true" condition-coverage="0% (0/2)" hits="0" number="604">
       <conditions>
        <condition coverage="0%" number="0" type="jump"/>
       </conditions>
      </line>
      <line branch="true" condition-coverage="0% (0/10)" hits="0"
       number="605">
       <conditions>
        <condition coverage="0%" number="0" type="jump"/>
       </conditions>
      </line>
      <line branch="true" condition-coverage="0% (0/38)" hits="0"
       number="607">
       <conditions>
        <condition coverage="0%" number="0" type="jump"/>
       </conditions>
      </line>
      <line branch="true" condition-coverage="0% (0/2)" hits="0" number="609">
       <conditions>
        <condition coverage="0%" number="0" type="jump"/>
       </conditions>
      </line>
      <line branch="false" hits="0" number="618"/>
      <line branch="true" condition-coverage="0% (0/30)" hits="0"
       number="620">
       <conditions>
        <condition coverage="0%" number="0" type="jump"/>
       </conditions>
      </line>
      <line branch="true" condition-coverage="0% (0/4)" hits="0" number="621">
       <conditions>
        <condition coverage="0%" number="0" type="jump"/>
       </conditions>
      </line>
      <line branch="false" hits="0" number="622"/>
      <line branch="true" condition-coverage="0% (0/2)" hits="0" number="624">
       <conditions>
        <condition coverage="0%" number="0" type="jump"/>
       </conditions>
      </line>
      <line branch="true" condition-coverage="0% (0/2)" hits="0" number="625">
       <conditions>
        <condition coverage="0%" number="0" type="jump"/>
       </conditions>
      </line>
      <line branch="false" hits="3" number="633"/>
      <line branch="true" condition-coverage="100% (2/2)" hits="6"
       number="635">
       <conditions>
        <condition coverage="100%" number="0" type="jump"/>
       </conditions>
      </line>
      <line branch="true" condition-coverage="50% (1/2)" hits="6"
       number="636">
       <conditions>
        <condition coverage="50%" number="0" type="jump"/>
       </conditions>
      </line>
      <line branch="true" condition-coverage="50% (1/2)" hits="6"
       number="637">
       <conditions>
        <condition coverage="50%" number="0" type="jump"/>
       </conditions>
      </line>
      <line branch="true" condition-coverage="50% (1/2)" hits="6"
       number="638">
       <conditions>
        <condition coverage="50%" number="0" type="jump"/>
       </conditions>
      </line>
      <line branch="false" hits="3" number="643"/>
      <line branch="true" condition-coverage="50% (1/2)" hits="3"
       number="644">
       <conditions>
        <condition coverage="50%" number="0" type="jump"/>
       </conditions>
      </line>
      <line branch="true" condition-coverage="50% (1/2)" hits="3"
       number="645">
       <conditions>
        <condition coverage="50%" number="0" type="jump"/>
       </conditions>
      </line>
      <line branch="true" condition-coverage="50% (1/2)" hits="6"
       number="646">
       <conditions>
        <condition coverage="50%" number="0" type="jump"/>
       </conditions>
      </line>
      <line branch="true" condition-coverage="50% (1/2)" hits="6"
       number="647">
       <conditions>
        <condition coverage="50%" number="0" type="jump"/>
       </conditions>
      </line>
      <line branch="true" condition-coverage="5% (2/36)" hits="3"
       number="649">
       <conditions>
        <condition coverage="5%" number="0" type="jump"/>
       </conditions>
      </line>
      <line branch="true" condition-coverage="0% (0/4)" hits="0" number="654">
       <conditions>
        <condition coverage="0%" number="0" type="jump"/>
       </conditions>
      </line>
      <line branch="true" condition-coverage="50% (1/2)" hits="3"
       number="656">
       <conditions>
        <condition coverage="50%" number="0" type="jump"/>
       </conditions>
      </line>
      <line branch="false" hits="3" number="662"/>
      <line branch="true" condition-coverage="50% (1/2)" hits="3"
       number="663">
       <conditions>
        <condition coverage="50%" number="0" type="jump"/>
       </conditions>
      </line>
      <line branch="true" condition-coverage="50% (1/2)" hits="3"
       number="664">
       <conditions>
        <condition coverage="50%" number="0" type="jump"/>
       </conditions>
      </line>
      <line branch="true" condition-coverage="0% (0/2)" hits="0" number="665">
       <conditions>
        <condition coverage="0%" number="0" type="jump"/>
       </conditions>
      </line>
      <line branch="true" condition-coverage="0% (0/2)" hits="0" number="666">
       <conditions>
        <condition coverage="0%" number="0" type="jump"/>
       </conditions>
      </line>
      <line branch="true" condition-coverage="0% (0/36)" hits="0"
       number="668">
       <conditions>
        <condition coverage="0%" number="0" type="jump"/>
       </conditions>
      </line>
      <line branch="true" condition-coverage="0% (0/4)" hits="0" number="673">
       <conditions>
        <condition coverage="0%" number="0" type="jump"/>
       </conditions>
      </line>
      <line branch="true" condition-coverage="0% (0/2)" hits="0" number="675">
       <conditions>
        <condition coverage="0%" number="0" type="jump"/>
       </conditions>
      </line>
      <line branch="false" hits="3" number="678"/>
      <line branch="false" hits="0" number="685"/>
      <line branch="true" condition-coverage="0% (0/2)" hits="0" number="687">
       <conditions>
        <condition coverage="0%" number="0" type="jump"/>
       </conditions>
      </line>
      <line branch="true" condition-coverage="0% (0/4)" hits="0" number="689">
       <conditions>
        <condition coverage="0%" number="0" type="jump"/>
       </conditions>
      </line>
      <line branch="true" condition-coverage="0% (0/2)" hits="0" number="690">
       <conditions>
        <condition coverage="0%" number="0" type="jump"/>
       </conditions>
      </line>
      <line branch="false" hits="1" number="698"/>
      <line branch="true" condition-coverage="100% (2/2)" hits="8"
       number="700">
       <conditions>
        <condition coverage="100%" number="0" type="jump"/>
       </conditions>
      </line>
      <line branch="true" condition-coverage="50% (1/2)" hits="14"
       number="701">
       <conditions>
        <condition coverage="50%" number="0" type="jump"/>
       </conditions>
      </line>
      <line branch="true" condition-coverage="100% (2/2)" hits="7"
       number="702">
       <conditions>
        <condition coverage="100%" number="0" type="jump"/>
       </conditions>
      </line>
      <line branch="true" condition-coverage="50% (1/2)" hits="12"
       number="703">
       <conditions>
        <condition coverage="50%" number="0" type="jump"/>
       </conditions>
      </line>
      <line branch="true" condition-coverage="50% (1/2)" hits="12"
       number="704">
       <conditions>
        <condition coverage="50%" number="0" type="jump"/>
       </conditions>
      </line>
      <line branch="true" condition-coverage="100% (2/2)" hits="11"
       number="707">
       <conditions>
        <condition coverage="100%" number="0" type="jump"/>
       </conditions>
      </line>
      <line branch="true" condition-coverage="50% (1/2)" hits="12"
       number="708">
       <conditions>
        <condition coverage="50%" number="0" type="jump"/>
       </conditions>
      </line>
      <line branch="true" condition-coverage="50% (1/2)" hits="12"
       number="709">
       <conditions>
        <condition coverage="50%" number="0" type="jump"/>
       </conditions>
      </line>
      <line branch="true" condition-coverage="100% (2/2)" hits="6"
       number="710">
       <conditions>
        <condition coverage="100%" number="0" type="jump"/>
       </conditions>
      </line>
      <line branch="true" condition-coverage="100% (2/2)" hits="2"
       number="711">
       <conditions>
        <condition coverage="100%" number="0" type="jump"/>
       </conditions>
      </line>
      <line branch="true" condition-coverage="100% (2/2)" hits="4"
       number="712">
       <conditions>
        <condition coverage="100%" number="0" type="jump"/>
       </conditions>
      </line>
      <line branch="true" condition-coverage="50% (1/2)" hits="1"
       number="713">
       <conditions>
        <condition coverage="50%" number="0" type="jump"/>
       </conditions>
      </line>
      <line branch="true" condition-coverage="100% (2/2)" hits="3"
       number="714">
       <conditions>
        <condition coverage="100%" number="0" type="jump"/>
       </conditions>
      </line>
      <line branch="true" condition-coverage="50% (1/2)" hits="1"
       number="715">
       <conditions>
        <condition coverage="50%" number="0" type="jump"/>
       </conditions>
      </line>
      <line branch="true" condition-coverage="100% (2/2)" hits="2"
       number="716">
       <conditions>
        <condition coverage="100%" number="0" type="jump"/>
       </conditions>
      </line>
      <line branch="true" condition-coverage="50% (1/2)" hits="1"
       number="717">
       <conditions>
        <condition coverage="50%" number="0" type="jump"/>
       </conditions>
      </line>
      <line branch="true" condition-coverage="50% (1/2)" hits="1"
       number="718">
       <conditions>
        <condition coverage="50%" number="0" type="jump"/>
       </conditions>
      </line>
      <line branch="true" condition-coverage="50% (1/2)" hits="1"
       number="719">
       <conditions>
        <condition coverage="50%" number="0" type="jump"/>
       </conditions>
      </line>
      <line branch="true" condition-coverage="52% (19/36)" hits="15"
       number="722">
       <conditions>
        <condition coverage="52%" number="0" type="jump"/>
       </conditions>
      </line>
      <line branch="true" condition-coverage="50% (2/4)" hits="5"
       number="727">
       <conditions>
        <condition coverage="50%" number="0" type="jump"/>
       </conditions>
      </line>
      <line branch="false" hits="2" number="730"/>
      <line branch="true" condition-coverage="52% (18/34)" hits="2"
       number="731">
       <conditions>
        <condition coverage="52%" number="0" type="jump"/>
       </conditions>
      </line>
      <line branch="true" condition-coverage="50% (1/2)" hits="1"
       number="733">
       <conditions>
        <condition coverage="50%" number="0" type="jump"/>
       </conditions>
      </line>
      <line branch="true" condition-coverage="50% (1/2)" hits="2"
       number="734">
       <conditions>
        <condition coverage="50%" number="0" type="jump"/>
       </conditions>
      </line>
      <line branch="true" condition-coverage="50% (1/2)" hits="2"
       number="735">
       <conditions>
        <condition coverage="50%" number="0" type="jump"/>
       </conditions>
      </line>
      <line branch="true" condition-coverage="100% (2/2)" hits="2"
       number="737">
       <conditions>
        <condition coverage="100%" number="0" type="jump"/>
       </conditions>
      </line>
      <line branch="true" condition-coverage="50% (1/2)" hits="2"
       number="738">
       <conditions>
        <condition coverage="50%" number="0" type="jump"/>
       </conditions>
      </line>
      <line branch="true" condition-coverage="50% (1/2)" hits="2"
       number="739">
       <conditions>
        <condition coverage="50%" number="0" type="jump"/>
       </conditions>
      </line>
      <line branch="true" condition-coverage="50% (1/2)" hits="1"
       number="740">
       <conditions>
        <condition coverage="50%" number="0" type="jump"/>
       </conditions>
      </line>
      <line branch="true" condition-coverage="50% (1/2)" hits="1"
       number="741">
       <conditions>
        <condition coverage="50%" number="0" type="jump"/>
       </conditions>
      </line>
      <line branch="true" condition-coverage="5% (2/36)" hits="1"
       number="744">
       <conditions>
        <condition coverage="5%" number="0" type="jump"/>
       </conditions>
      </line>
      <line branch="true" condition-coverage="0% (0/4)" hits="0" number="749">
       <conditions>
        <condition coverage="0%" number="0" type="jump"/>
       </conditions>
      </line>
      <line branch="false" hits="1" number="753"/>
      <line branch="false" hits="0" number="760"/>
      <line branch="true" condition-coverage="0% (0/2)" hits="0" number="762">
       <conditions>
        <condition coverage="0%" number="0" type="jump"/>
       </conditions>
      </line>
      <line branch="true" condition-coverage="0% (0/4)" hits="0" number="764">
       <conditions>
        <condition coverage="0%" number="0" type="jump"/>
       </conditions>
      </line>
      <line branch="true" condition-coverage="0% (0/2)" hits="0" number="765">
       <conditions>
        <condition coverage="0%" number="0" type="jump"/>
       </conditions>
      </line>
      <line branch="false" hits="19" number="773"/>
      <line branch="true" condition-coverage="100% (2/2)" hits="38"
       number="775">
       <conditions>
        <condition coverage="100%" number="0" type="jump"/>
       </conditions>
      </line>
      <line branch="true" condition-coverage="50% (1/2)" hits="38"
       number="776">
       <conditions>
        <condition coverage="50%" number="0" type="jump"/>
       </conditions>
      </line>
      <line branch="true" condition-coverage="50% (1/2)" hits="38"
       number="777">
       <conditions>
        <condition coverage="50%" number="0" type="jump"/>
       </conditions>
      </line>
      <line branch="true" condition-coverage="50% (1/2)" hits="38"
       number="778">
       <conditions>
        <condition coverage="50%" number="0" type="jump"/>
       </conditions>
      </line>
      <line branch="false" hits="19" number="783"/>
      <line branch="true" condition-coverage="50% (1/2)" hits="19"
       number="784">
       <conditions>
        <condition coverage="50%" number="0" type="jump"/>
       </conditions>
      </line>
      <line branch="true" condition-coverage="50% (1/2)" hits="19"
       number="785">
       <conditions>
        <condition coverage="50%" number="0" type="jump"/>
       </conditions>
      </line>
      <line branch="true" condition-coverage="50% (1/2)" hits="38"
       number="786">
       <conditions>
        <condition coverage="50%" number="0" type="jump"/>
       </conditions>
      </line>
      <line branch="true" condition-coverage="50% (1/2)" hits="38"
       number="787">
       <conditions>
        <condition coverage="50%" number="0" type="jump"/>
       </conditions>
      </line>
      <line branch="true" condition-coverage="55% (20/36)" hits="35"
       number="789">
       <conditions>
        <condition coverage="55%" number="0" type="jump"/>
       </conditions>
      </line>
      <line branch="true" condition-coverage="50% (2/4)" hits="8"
       number="794">
       <conditions>
        <condition coverage="50%" number="0" type="jump"/>
       </conditions>
      </line>
      <line branch="true" condition-coverage="50% (1/2)" hits="19"
       number="795">
       <conditions>
        <condition coverage="50%" number="0" type="jump"/>
       </conditions>
      </line>
      <line branch="false" hits="19" number="798"/>
      <line branch="false" hits="0" number="805"/>
      <line branch="true" condition-coverage="0% (0/2)" hits="0" number="807">
       <conditions>
        <condition coverage="0%" number="0" type="jump"/>
       </conditions>
      </line>
      <line branch="true" condition-coverage="0% (0/4)" hits="0" number="809">
       <conditions>
        <condition coverage="0%" number="0" type="jump"/>
       </conditions>
      </line>
      <line branch="true" condition-coverage="0% (0/2)" hits="0" number="810">
       <conditions>
        <condition coverage="0%" number="0" type="jump"/>
       </conditions>
      </line>
      <line branch="false" hits="0" number="818"/>
      <line branch="true" condition-coverage="0% (0/2)" hits="0" number="820">
       <conditions>
        <condition coverage="0%" number="0" type="jump"/>
       </conditions>
      </line>
      <line branch="true" condition-coverage="0% (0/2)" hits="0" number="821">
       <conditions>
        <condition coverage="0%" number="0" type="jump"/>
       </conditions>
      </line>
      <line branch="true" condition-coverage="0% (0/2)" hits="0" number="822">
       <conditions>
        <condition coverage="0%" number="0" type="jump"/>
       </conditions>
      </line>
      <line branch="true" condition-coverage="0% (0/2)" hits="0" number="823">
       <conditions>
        <condition coverage="0%" number="0" type="jump"/>
       </conditions>
      </line>
      <line branch="false" hits="0" number="828"/>
      <line branch="true" condition-coverage="0% (0/2)" hits="0" number="829">
       <conditions>
        <condition coverage="0%" number="0" type="jump"/>
       </conditions>
      </line>
      <line branch="true" condition-coverage="0% (0/2)" hits="0" number="830">
       <conditions>
        <condition coverage="0%" number="0" type="jump"/>
       </conditions>
      </line>
      <line branch="true" condition-coverage="0% (0/2)" hits="0" number="831">
       <conditions>
        <condition coverage="0%" number="0" type="jump"/>
       </conditions>
      </line>
      <line branch="true" condition-coverage="0% (0/2)" hits="0" number="832">
       <conditions>
        <condition coverage="0%" number="0" type="jump"/>
       </conditions>
      </line>
      <line branch="true" condition-coverage="0% (0/36)" hits="0"
       number="834">
       <conditions>
        <condition coverage="0%" number="0" type="jump"/>
       </conditions>
      </line>
      <line branch="true" condition-coverage="0% (0/4)" hits="0" number="839">
       <conditions>
        <condition coverage="0%" number="0" type="jump"/>
       </conditions>
      </line>
      <line branch="true" condition-coverage="0% (0/2)" hits="0" number="840">
       <conditions>
        <condition coverage="0%" number="0" type="jump"/>
       </conditions>
      </line>
      <line branch="false" hits="0" number="850"/>
      <line branch="true" condition-coverage="0% (0/2)" hits="0" number="852">
       <conditions>
        <condition coverage="0%" number="0" type="jump"/>
       </conditions>
      </line>
      <line branch="true" condition-coverage="0% (0/4)" hits="0" number="854">
       <conditions>
        <condition coverage="0%" number="0" type="jump"/>
       </conditions>
      </line>
      <line branch="true" condition-coverage="0% (0/2)" hits="0" number="855">
       <conditions>
        <condition coverage="0%" number="0" type="jump"/>
       </conditions>
      </line>
      <line branch="false" hits="4" number="863"/>
      <line branch="true" condition-coverage="100% (2/2)" hits="8"
       number="865">
       <conditions>
        <condition coverage="100%" number="0" type="jump"/>
       </conditions>
      </line>
      <line branch="true" condition-coverage="50% (1/2)" hits="8"
       number="866">
       <conditions>
        <condition coverage="50%" number="0" type="jump"/>
       </conditions>
      </line>
      <line branch="true" condition-coverage="50% (1/2)" hits="8"
       number="867">
       <conditions>
        <condition coverage="50%" number="0" type="jump"/>
       </conditions>
      </line>
      <line branch="true" condition-coverage="50% (1/2)" hits="8"
       number="868">
       <conditions>
        <condition coverage="50%" number="0" type="jump"/>
       </conditions>
      </line>
      <line branch="false" hits="4" number="873"/>
      <line branch="true" condition-coverage="50% (1/2)" hits="4"
       number="874">
       <conditions>
        <condition coverage="50%" number="0" type="jump"/>
       </conditions>
      </line>
      <line branch="true" condition-coverage="50% (1/2)" hits="4"
       number="875">
       <conditions>
        <condition coverage="50%" number="0" type="jump"/>
       </conditions>
      </line>
      <line branch="true" condition-coverage="50% (1/2)" hits="8"
       number="876">
       <conditions>
        <condition coverage="50%" number="0" type="jump"/>
       </conditions>
      </line>
      <line branch="true" condition-coverage="50% (1/2)" hits="8"
       number="877">
       <conditions>
        <condition coverage="50%" number="0" type="jump"/>
       </conditions>
      </line>
      <line branch="true" condition-coverage="5% (2/36)" hits="4"
       number="879">
       <conditions>
        <condition coverage="5%" number="0" type="jump"/>
       </conditions>
      </line>
      <line branch="true" condition-coverage="0% (0/4)" hits="0" number="884">
       <conditions>
        <condition coverage="0%" number="0" type="jump"/>
       </conditions>
      </line>
      <line branch="true" condition-coverage="50% (1/2)" hits="4"
       number="887">
       <conditions>
        <condition coverage="50%" number="0" type="jump"/>
       </conditions>
      </line>
      <line branch="false" hits="4" number="890"/>
      <line branch="false" hits="0" number="897"/>
      <line branch="true" condition-coverage="0% (0/2)" hits="0" number="899">
       <conditions>
        <condition coverage="0%" number="0" type="jump"/>
       </conditions>
      </line>
      <line branch="true" condition-coverage="0% (0/4)" hits="0" number="901">
       <conditions>
        <condition coverage="0%" number="0" type="jump"/>
       </conditions>
      </line>
      <line branch="true" condition-coverage="0% (0/2)" hits="0" number="902">
       <conditions>
        <condition coverage="0%" number="0" type="jump"/>
       </conditions>
      </line>
      <line branch="false" hits="19" number="910"/>
      <line branch="true" condition-coverage="100% (2/2)" hits="38"
       number="912">
       <conditions>
        <condition coverage="100%" number="0" type="jump"/>
       </conditions>
      </line>
      <line branch="true" condition-coverage="50% (1/2)" hits="38"
       number="913">
       <conditions>
        <condition coverage="50%" number="0" type="jump"/>
       </conditions>
      </line>
      <line branch="true" condition-coverage="50% (1/2)" hits="38"
       number="914">
       <conditions>
        <condition coverage="50%" number="0" type="jump"/>
       </conditions>
      </line>
      <line branch="true" condition-coverage="50% (1/2)" hits="38"
       number="915">
       <conditions>
        <condition coverage="50%" number="0" type="jump"/>
       </conditions>
      </line>
      <line branch="false" hits="19" number="920"/>
      <line branch="true" condition-coverage="50% (1/2)" hits="19"
       number="921">
       <conditions>
        <condition coverage="50%" number="0" type="jump"/>
       </conditions>
      </line>
      <line branch="true" condition-coverage="50% (1/2)" hits="19"
       number="922">
       <conditions>
        <condition coverage="50%" number="0" type="jump"/>
       </conditions>
      </line>
      <line branch="true" condition-coverage="50% (1/2)" hits="38"
       number="923">
       <conditions>
        <condition coverage="50%" number="0" type="jump"/>
       </conditions>
      </line>
      <line branch="true" condition-coverage="50% (1/2)" hits="38"
       number="924">
       <conditions>
        <condition coverage="50%" number="0" type="jump"/>
       </conditions>
      </line>
      <line branch="true" condition-coverage="55% (20/36)" hits="35"
       number="926">
       <conditions>
        <condition coverage="55%" number="0" type="jump"/>
       </conditions>
      </line>
      <line branch="true" condition-coverage="50% (2/4)" hits="8"
       number="931">
       <conditions>
        <condition coverage="50%" number="0" type="jump"/>
       </conditions>
      </line>
      <line branch="true" condition-coverage="50% (1/2)" hits="19"
       number="932">
       <conditions>
        <condition coverage="50%" number="0" type="jump"/>
       </conditions>
      </line>
      <line branch="false" hits="19" number="935"/>
      <line branch="false" hits="0" number="942"/>
      <line branch="true" condition-coverage="0% (0/2)" hits="0" number="944">
       <conditions>
        <condition coverage="0%" number="0" type="jump"/>
       </conditions>
      </line>
      <line branch="true" condition-coverage="0% (0/4)" hits="0" number="946">
       <conditions>
        <condition coverage="0%" number="0" type="jump"/>
       </conditions>
      </line>
      <line branch="true" condition-coverage="0% (0/2)" hits="0" number="947">
       <conditions>
        <condition coverage="0%" number="0" type="jump"/>
       </conditions>
      </line>
      <line branch="false" hits="0" number="955"/>
      <line branch="true" condition-coverage="0% (0/2)" hits="0" number="957">
       <conditions>
        <condition coverage="0%" number="0" type="jump"/>
       </conditions>
      </line>
      <line branch="true" condition-coverage="0% (0/2)" hits="0" number="958">
       <conditions>
        <condition coverage="0%" number="0" type="jump"/>
       </conditions>
      </line>
      <line branch="true" condition-coverage="0% (0/2)" hits="0" number="959">
       <conditions>
        <condition coverage="0%" number="0" type="jump"/>
       </conditions>
      </line>
      <line branch="true" condition-coverage="0% (0/2)" hits="0" number="960">
       <conditions>
        <condition coverage="0%" number="0" type="jump"/>
       </conditions>
      </line>
      <line branch="false" hits="0" number="965"/>
      <line branch="true" condition-coverage="0% (0/2)" hits="0" number="966">
       <conditions>
        <condition coverage="0%" number="0" type="jump"/>
       </conditions>
      </line>
      <line branch="true" condition-coverage="0% (0/2)" hits="0" number="968">
       <conditions>
        <condition coverage="0%" number="0" type="jump"/>
       </conditions>
      </line>
      <line branch="true" condition-coverage="0% (0/2)" hits="0" number="969">
       <conditions>
        <condition coverage="0%" number="0" type="jump"/>
       </conditions>
      </line>
      <line branch="true" condition-coverage="0% (0/2)" hits="0" number="970">
       <conditions>
        <condition coverage="0%" number="0" type="jump"/>
       </conditions>
      </line>
      <line branch="true" condition-coverage="0% (0/36)" hits="0"
       number="972">
       <conditions>
        <condition coverage="0%" number="0" type="jump"/>
       </conditions>
      </line>
      <line branch="true" condition-coverage="0% (0/4)" hits="0" number="977">
       <conditions>
        <condition coverage="0%" number="0" type="jump"/>
       </conditions>
      </line>
      <line branch="true" condition-coverage="0% (0/2)" hits="0" number="979">
       <conditions>
        <condition coverage="0%" number="0" type="jump"/>
       </conditions>
      </line>
      <line branch="true" condition-coverage="0% (0/2)" hits="0" number="980">
       <conditions>
        <condition coverage="0%" number="0" type="jump"/>
       </conditions>
      </line>
      <line branch="true" condition-coverage="0% (0/2)" hits="0" number="981">
       <conditions>
        <condition coverage="0%" number="0" type="jump"/>
       </conditions>
      </line>
      <line branch="true" condition-coverage="0% (0/2)" hits="0" number="982">
       <conditions>
        <condition coverage="0%" number="0" type="jump"/>
       </conditions>
      </line>
      <line branch="true" condition-coverage="0% (0/34)" hits="0"
       number="984">
       <conditions>
        <condition coverage="0%" number="0" type="jump"/>
       </conditions>
      </line>
      <line branch="false" hits="0" number="995"/>
      <line branch="true" condition-coverage="0% (0/2)" hits="0" number="997">
       <conditions>
        <condition coverage="0%" number="0" type="jump"/>
       </conditions>
      </line>
      <line branch="true" condition-coverage="0% (0/4)" hits="0" number="999">
       <conditions>
        <condition coverage="0%" number="0" type="jump"/>
       </conditions>
      </line>
      <line branch="true" condition-coverage="0% (0/2)" hits="0"
       number="1000">
       <conditions>
        <condition coverage="0%" number="0" type="jump"/>
       </conditions>
      </line>
      <line branch="false" hits="0" number="1008"/>
      <line branch="true" condition-coverage="0% (0/2)" hits="0"
       number="1010">
       <conditions>
        <condition coverage="0%" number="0" type="jump"/>
       </conditions>
      </line>
      <line branch="true" condition-coverage="0% (0/2)" hits="0"
       number="1011">
       <conditions>
        <condition coverage="0%" number="0" type="jump"/>
       </conditions>
      </line>
      <line branch="true" condition-coverage="0% (0/2)" hits="0"
       number="1012">
       <conditions>
        <condition coverage="0%" number="0" type="jump"/>
       </conditions>
      </line>
      <line branch="true" condition-coverage="0% (0/4)" hits="0"
       number="1015">
       <conditions>
        <condition coverage="0%" number="0" type="jump"/>
       </conditions>
      </line>
      <line branch="true" condition-coverage="0% (0/4)" hits="0"
       number="1017">
       <conditions>
        <condition coverage="0%" number="0" type="jump"/>
       </conditions>
      </line>
      <line branch="true" condition-coverage="0% (0/4)" hits="0"
       number="1020">
       <conditions>
        <condition coverage="0%" number="0" type="jump"/>
       </conditions>
      </line>
      <line branch="true" condition-coverage="0% (0/4)" hits="0"
       number="1022">
       <conditions>
        <condition coverage="0%" number="0" type="jump"/>
       </conditions>
      </line>
      <line branch="true" condition-coverage="0% (0/4)" hits="0"
       number="1024">
       <conditions>
        <condition coverage="0%" number="0" type="jump"/>
       </conditions>
      </line>
      <line branch="true" condition-coverage="0% (0/4)" hits="0"
       number="1026">
       <conditions>
        <condition coverage="0%" number="0" type="jump"/>
       </conditions>
      </line>
      <line branch="true" condition-coverage="0% (0/4)" hits="0"
       number="1028">
       <conditions>
        <condition coverage="0%" number="0" type="jump"/>
       </conditions>
      </line>
      <line branch="true" condition-coverage="0% (0/2)" hits="0"
       number="1030">
       <conditions>
        <condition coverage="0%" number="0" type="jump"/>
       </conditions>
      </line>
      <line branch="true" condition-coverage="0% (0/2)" hits="0"
       number="1031">
       <conditions>
        <condition coverage="0%" number="0" type="jump"/>
       </conditions>
      </line>
      <line branch="true" condition-coverage="0% (0/2)" hits="0"
       number="1032">
       <conditions>
        <condition coverage="0%" number="0" type="jump"/>
       </conditions>
      </line>
      <line branch="true" condition-coverage="0% (0/2)" hits="0"
       number="1033">
       <conditions>
        <condition coverage="0%" number="0" type="jump"/>
       </conditions>
      </line>
      <line branch="true" condition-coverage="0% (0/2)" hits="0"
       number="1035">
       <conditions>
        <condition coverage="0%" number="0" type="jump"/>
       </conditions>
      </line>
      <line branch="true" condition-coverage="0% (0/4)" hits="0"
       number="1036">
       <conditions>
        <condition coverage="0%" number="0" type="jump"/>
       </conditions>
      </line>
      <line branch="true" condition-coverage="0% (0/4)" hits="0"
       number="1037">
       <conditions>
        <condition coverage="0%" number="0" type="jump"/>
       </conditions>
      </line>
      <line branch="true" condition-coverage="0% (0/2)" hits="0"
       number="1039">
       <conditions>
        <condition coverage="0%" number="0" type="jump"/>
       </conditions>
      </line>
      <line branch="true" condition-coverage="0% (0/2)" hits="0"
       number="1040">
       <conditions>
        <condition coverage="0%" number="0" type="jump"/>
       </conditions>
      </line>
      <line branch="true" condition-coverage="0% (0/2)" hits="0"
       number="1041">
       <conditions>
        <condition coverage="0%" number="0" type="jump"/>
       </conditions>
      </line>
      <line branch="true" condition-coverage="0% (0/2)" hits="0"
       number="1043">
       <conditions>
        <condition coverage="0%" number="0" type="jump"/>
       </conditions>
      </line>
      <line branch="true" condition-coverage="0% (0/2)" hits="0"
       number="1044">
       <conditions>
        <condition coverage="0%" number="0" type="jump"/>
       </conditions>
      </line>
      <line branch="true" condition-coverage="0% (0/2)" hits="0"
       number="1045">
       <conditions>
        <condition coverage="0%" number="0" type="jump"/>
       </conditions>
      </line>
      <line branch="true" condition-coverage="0% (0/2)" hits="0"
       number="1046">
       <conditions>
        <condition coverage="0%" number="0" type="jump"/>
       </conditions>
      </line>
      <line branch="true" condition-coverage="0% (0/2)" hits="0"
       number="1047">
       <conditions>
        <condition coverage="0%" number="0" type="jump"/>
       </conditions>
      </line>
      <line branch="true" condition-coverage="0% (0/2)" hits="0"
       number="1048">
       <conditions>
        <condition coverage="0%" number="0" type="jump"/>
       </conditions>
      </line>
      <line branch="true" condition-coverage="0% (0/2)" hits="0"
       number="1049">
       <conditions>
        <condition coverage="0%" number="0" type="jump"/>
       </conditions>
      </line>
      <line branch="true" condition-coverage="0% (0/2)" hits="0"
       number="1050">
       <conditions>
        <condition coverage="0%" number="0" type="jump"/>
       </conditions>
      </line>
      <line branch="true" condition-coverage="0% (0/2)" hits="0"
       number="1051">
       <conditions>
        <condition coverage="0%" number="0" type="jump"/>
       </conditions>
      </line>
      <line branch="true" condition-coverage="0% (0/2)" hits="0"
       number="1053">
       <conditions>
        <condition coverage="0%" number="0" type="jump"/>
       </conditions>
      </line>
      <line branch="true" condition-coverage="0% (0/2)" hits="0"
       number="1055">
       <conditions>
        <condition coverage="0%" number="0" type="jump"/>
       </conditions>
      </line>
      <line branch="true" condition-coverage="0% (0/2)" hits="0"
       number="1057">
       <conditions>
        <condition coverage="0%" number="0" type="jump"/>
       </conditions>
      </line>
      <line branch="true" condition-coverage="0% (0/30)" hits="0"
       number="1058">
       <conditions>
        <condition coverage="0%" number="0" type="jump"/>
       </conditions>
      </line>
      <line branch="false" hits="0" number="1059"/>
      <line branch="true" condition-coverage="0% (0/2)" hits="0"
       number="1060">
       <conditions>
        <condition coverage="0%" number="0" type="jump"/>
       </conditions>
      </line>
      <line branch="false" hits="0" number="1061"/>
      <line branch="true" condition-coverage="0% (0/2)" hits="0"
       number="1062">
       <conditions>
        <condition coverage="0%" number="0" type="jump"/>
       </conditions>
      </line>
      <line branch="true" condition-coverage="0% (0/34)" hits="0"
       number="1063">
       <conditions>
        <condition coverage="0%" number="0" type="jump"/>
       </conditions>
      </line>
      <line branch="false" hits="0" number="1064"/>
      <line branch="true" condition-coverage="0% (0/2)" hits="0"
       number="1067">
       <conditions>
        <condition coverage="0%" number="0" type="jump"/>
       </conditions>
      </line>
      <line branch="true" condition-coverage="0% (0/2)" hits="0"
       number="1068">
       <conditions>
        <condition coverage="0%" number="0" type="jump"/>
       </conditions>
      </line>
      <line branch="true" condition-coverage="0% (0/2)" hits="0"
       number="1069">
       <conditions>
        <condition coverage="0%" number="0" type="jump"/>
       </conditions>
      </line>
      <line branch="true" condition-coverage="0% (0/2)" hits="0"
       number="1070">
       <conditions>
        <condition coverage="0%" number="0" type="jump"/>
       </conditions>
      </line>
      <line branch="true" condition-coverage="0% (0/2)" hits="0"
       number="1071">
       <conditions>
        <condition coverage="0%" number="0" type="jump"/>
       </conditions>
      </line>
      <line branch="true" condition-coverage="0% (0/2)" hits="0"
       number="1072">
       <conditions>
        <condition coverage="0%" number="0" type="jump"/>
       </conditions>
      </line>
      <line branch="true" condition-coverage="0% (0/2)" hits="0"
       number="1073">
       <conditions>
        <condition coverage="0%" number="0" type="jump"/>
       </conditions>
      </line>
      <line branch="true" condition-coverage="0% (0/2)" hits="0"
       number="1074">
       <conditions>
        <condition coverage="0%" number="0" type="jump"/>
       </conditions>
      </line>
      <line branch="true" condition-coverage="0% (0/2)" hits="0"
       number="1075">
       <conditions>
        <condition coverage="0%" number="0" type="jump"/>
       </conditions>
      </line>
      <line branch="true" condition-coverage="0% (0/2)" hits="0"
       number="1076">
       <conditions>
        <condition coverage="0%" number="0" type="jump"/>
       </conditions>
      </line>
      <line branch="true" condition-coverage="0% (0/2)" hits="0"
       number="1077">
       <conditions>
        <condition coverage="0%" number="0" type="jump"/>
       </conditions>
      </line>
      <line branch="true" condition-coverage="0% (0/2)" hits="0"
       number="1078">
       <conditions>
        <condition coverage="0%" number="0" type="jump"/>
       </conditions>
      </line>
      <line branch="true" condition-coverage="0% (0/2)" hits="0"
       number="1079">
       <conditions>
        <condition coverage="0%" number="0" type="jump"/>
       </conditions>
      </line>
      <line branch="true" condition-coverage="0% (0/2)" hits="0"
       number="1080">
       <conditions>
        <condition coverage="0%" number="0" type="jump"/>
       </conditions>
      </line>
      <line branch="true" condition-coverage="0% (0/2)" hits="0"
       number="1081">
       <conditions>
        <condition coverage="0%" number="0" type="jump"/>
       </conditions>
      </line>
      <line branch="false" hits="0" number="1082"/>
      <line branch="true" condition-coverage="0% (0/30)" hits="0"
       number="1084">
       <conditions>
        <condition coverage="0%" number="0" type="jump"/>
       </conditions>
      </line>
      <line branch="true" condition-coverage="0% (0/2)" hits="0"
       number="1088">
       <conditions>
        <condition coverage="0%" number="0" type="jump"/>
       </conditions>
      </line>
      <line branch="true" condition-coverage="0% (0/2)" hits="0"
       number="1089">
       <conditions>
        <condition coverage="0%" number="0" type="jump"/>
       </conditions>
      </line>
      <line branch="true" condition-coverage="0% (0/2)" hits="0"
       number="1090">
       <conditions>
        <condition coverage="0%" number="0" type="jump"/>
       </conditions>
      </line>
     </lines>
    </class>
    <class branch-rate="0.0" complexity="0.0" filename="src/DbInterface.h"
     line-rate="0.3333333333333333" name="DbInterface_h">
     <methods/>
     <lines>
      <line branch="false" hits="90" number="93"/>
      <line branch="false" hits="0" number="102"/>
      <line branch="false" hits="0" number="246"/>
     </lines>
    </class>
    <class branch-rate="0.31974921630094044" complexity="0.0"
     filename="src/MuxManager.cpp" line-rate="0.6056338028169014"
     name="MuxManager_cpp">
     <methods/>
     <lines>
      <line branch="false" hits="21" number="42"/>
      <line branch="false" hits="21" number="44"/>
      <line branch="false" hits="21" number="45"/>
      <line branch="true" condition-coverage="50% (7/14)" hits="21"
       number="46">
       <conditions>
        <condition coverage="50%" number="0" type="jump"/>
       </conditions>
      </line>
      <line branch="true" condition-coverage="50% (1/2)" hits="21"
       number="48">
       <conditions>
        <condition coverage="50%" number="0" type="jump"/>
       </conditions>
      </line>
      <line branch="true" condition-coverage="50% (1/2)" hits="21"
       number="49">
       <conditions>
        <condition coverage="50%" number="0" type="jump"/>
       </conditions>
      </line>
      <line branch="true" condition-coverage="50% (1/2)" hits="21"
       number="50">
       <conditions>
        <condition coverage="50%" number="0" type="jump"/>
       </conditions>
      </line>
      <line branch="true" condition-coverage="50% (1/2)" hits="21"
       number="54">
       <conditions>
        <condition coverage="50%" number="0" type="jump"/>
       </conditions>
      </line>
      <line branch="false" hits="21" number="55"/>
      <line branch="false" hits="0" number="62"/>
      <line branch="true" condition-coverage="0% (0/4)" hits="0" number="64">
       <conditions>
        <condition coverage="0%" number="0" type="jump"/>
       </conditions>
      </line>
      <line branch="true" condition-coverage="0% (0/2)" hits="0" number="65">
       <conditions>
        <condition coverage="0%" number="0" type="jump"/>
       </conditions>
      </line>
      <line branch="false" hits="0" number="66"/>
      <line branch="false" hits="0" number="71"/>
      <line branch="false" hits="0" number="79"/>
      <line branch="false" hits="0" number="81"/>
      <line branch="false" hits="0" number="89"/>
      <line branch="false" hits="0" number="91"/>
      <line branch="false" hits="0" number="99"/>
      <line branch="false" hits="0" number="101"/>
      <line branch="false" hits="0" number="102"/>
      <line branch="false" hits="1" number="110"/>
      <line branch="false" hits="1" number="112"/>
      <line branch="true" condition-coverage="50% (1/2)" hits="1"
       number="114">
       <conditions>
        <condition coverage="50%" number="0" type="jump"/>
       </conditions>
      </line>
      <line branch="false" hits="0" number="115"/>
      <line branch="true" condition-coverage="50% (1/2)" hits="1"
       number="116">
       <conditions>
        <condition coverage="50%" number="0" type="jump"/>
       </conditions>
      </line>
      <line branch="false" hits="0" number="117"/>
      <line branch="true" condition-coverage="50% (1/2)" hits="1"
       number="118">
       <conditions>
        <condition coverage="50%" number="0" type="jump"/>
       </conditions>
      </line>
      <line branch="false" hits="0" number="119"/>
      <line branch="true" condition-coverage="50% (1/2)" hits="1"
       number="120">
       <conditions>
        <condition coverage="50%" number="0" type="jump"/>
       </conditions>
      </line>
      <line branch="false" hits="0" number="121"/>
      <line branch="true" condition-coverage="50% (1/2)" hits="1"
       number="122">
       <conditions>
        <condition coverage="50%" number="0" type="jump"/>
       </conditions>
      </line>
      <line branch="false" hits="0" number="123"/>
      <line branch="true" condition-coverage="50% (2/4)" hits="1"
       number="126">
       <conditions>
        <condition coverage="50%" number="0" type="jump"/>
       </conditions>
      </line>
      <line branch="true" condition-coverage="52% (18/34)" hits="2"
       number="127">
       <conditions>
        <condition coverage="52%" number="0" type="jump"/>
       </conditions>
      </line>
      <line branch="false" hits="1" number="128"/>
      <line branch="false" hits="19" number="135"/>
      <line branch="true" condition-coverage="52% (19/36)" hits="38"
       number="137">
       <conditions>
        <condition coverage="52%" number="0" type="jump"/>
       </conditions>
      </line>
      <line branch="true" condition-coverage="50% (1/2)" hits="38"
       number="139">
       <conditions>
        <condition coverage="50%" number="0" type="jump"/>
       </conditions>
      </line>
      <line branch="true" condition-coverage="50% (1/2)" hits="19"
       number="141">
       <conditions>
        <condition coverage="50%" number="0" type="jump"/>
       </conditions>
      </line>
      <line branch="true" condition-coverage="50% (1/2)" hits="19"
       number="142">
       <conditions>
        <condition coverage="50%" number="0" type="jump"/>
       </conditions>
      </line>
      <line branch="false" hits="0" number="143"/>
      <line branch="false" hits="19" number="146"/>
      <line branch="false" hits="3" number="153"/>
      <line branch="true" condition-coverage="52% (19/36)" hits="6"
       number="155">
       <conditions>
        <condition coverage="52%" number="0" type="jump"/>
       </conditions>
      </line>
      <line branch="true" condition-coverage="50% (1/2)" hits="3"
       number="157">
       <conditions>
        <condition coverage="50%" number="0" type="jump"/>
       </conditions>
      </line>
      <line branch="true" condition-coverage="50% (1/2)" hits="3"
       number="158">
       <conditions>
        <condition coverage="50%" number="0" type="jump"/>
       </conditions>
      </line>
      <line branch="true" condition-coverage="50% (1/2)" hits="3"
       number="159">
       <conditions>
        <condition coverage="50%" number="0" type="jump"/>
       </conditions>
      </line>
      <line branch="false" hits="3" number="161"/>
      <line branch="false" hits="21" number="168"/>
      <line branch="true" condition-coverage="52% (19/36)" hits="42"
       number="170">
       <conditions>
        <condition coverage="52%" number="0" type="jump"/>
       </conditions>
      </line>
      <line branch="true" condition-coverage="100% (2/2)" hits="21"
       number="173">
       <conditions>
        <condition coverage="100%" number="0" type="jump"/>
       </conditions>
      </line>
      <line branch="false" hits="20" number="174"/>
      <line branch="true" condition-coverage="53% (17/32)" hits="3"
       number="176">
       <conditions>
        <condition coverage="53%" number="0" type="jump"/>
       </conditions>
      </line>
      <line branch="true" condition-coverage="50% (2/4)" hits="1"
       number="180">
       <conditions>
        <condition coverage="50%" number="0" type="jump"/>
       </conditions>
      </line>
      <line branch="false" hits="1" number="181"/>
      <line branch="true" condition-coverage="50% (2/4)" hits="21"
       number="183">
       <conditions>
        <condition coverage="50%" number="0" type="jump"/>
       </conditions>
      </line>
      <line branch="false" hits="21" number="184"/>
      <line branch="false" hits="0" number="191"/>
      <line branch="true" condition-coverage="0% (0/34)" hits="0"
       number="193">
       <conditions>
        <condition coverage="0%" number="0" type="jump"/>
       </conditions>
      </line>
      <line branch="true" condition-coverage="0% (0/2)" hits="0" number="195">
       <conditions>
        <condition coverage="0%" number="0" type="jump"/>
       </conditions>
      </line>
      <line branch="true" condition-coverage="0% (0/2)" hits="0" number="196">
       <conditions>
        <condition coverage="0%" number="0" type="jump"/>
       </conditions>
      </line>
      <line branch="true" condition-coverage="0% (0/2)" hits="0" number="197">
       <conditions>
        <condition coverage="0%" number="0" type="jump"/>
       </conditions>
      </line>
      <line branch="false" hits="19" number="206"/>
      <line branch="true" condition-coverage="52% (19/36)" hits="38"
       number="208">
       <conditions>
        <condition coverage="52%" number="0" type="jump"/>
       </conditions>
      </line>
      <line branch="true" condition-coverage="50% (1/2)" hits="38"
       number="210">
       <conditions>
        <condition coverage="50%" number="0" type="jump"/>
       </conditions>
      </line>
      <line branch="true" condition-coverage="50% (1/2)" hits="19"
       number="211">
       <conditions>
        <condition coverage="50%" number="0" type="jump"/>
       </conditions>
      </line>
      <line branch="false" hits="19" number="212"/>
      <line branch="false" hits="0" number="219"/>
      <line branch="true" condition-coverage="0% (0/36)" hits="0"
       number="221">
       <conditions>
        <condition coverage="0%" number="0" type="jump"/>
       </conditions>
      </line>
      <line branch="true" condition-coverage="0% (0/2)" hits="0" number="223">
       <conditions>
        <condition coverage="0%" number="0" type="jump"/>
       </conditions>
      </line>
      <line branch="true" condition-coverage="0% (0/2)" hits="0" number="224">
       <conditions>
        <condition coverage="0%" number="0" type="jump"/>
       </conditions>
      </line>
      <line branch="false" hits="19" number="232"/>
      <line branch="true" condition-coverage="52% (19/36)" hits="38"
       number="234">
       <conditions>
        <condition coverage="52%" number="0" type="jump"/>
       </conditions>
      </line>
      <line branch="true" condition-coverage="50% (1/2)" hits="38"
       number="236">
       <conditions>
        <condition coverage="50%" number="0" type="jump"/>
       </conditions>
      </line>
      <line branch="true" condition-coverage="50% (1/2)" hits="19"
       number="237">
       <conditions>
        <condition coverage="50%" number="0" type="jump"/>
       </conditions>
      </line>
      <line branch="false" hits="19" number="238"/>
      <line branch="false" hits="2" number="245"/>
      <line branch="true" condition-coverage="53% (16/30)" hits="4"
       number="250">
       <conditions>
        <condition coverage="53%" number="0" type="jump"/>
       </conditions>
      </line>
      <line branch="true" condition-coverage="50% (1/2)" hits="2"
       number="252">
       <conditions>
        <condition coverage="50%" number="0" type="jump"/>
       </conditions>
      </line>
      <line branch="true" condition-coverage="50% (1/2)" hits="2"
       number="253">
       <conditions>
        <condition coverage="50%" number="0" type="jump"/>
       </conditions>
      </line>
      <line branch="true" condition-coverage="50% (1/2)" hits="2"
       number="254">
       <conditions>
        <condition coverage="50%" number="0" type="jump"/>
       </conditions>
      </line>
      <line branch="false" hits="2" number="256"/>
      <line branch="false" hits="4" number="263"/>
      <line branch="true" condition-coverage="5% (2/36)" hits="4"
       number="265">
       <conditions>
        <condition coverage="5%" number="0" type="jump"/>
       </conditions>
      </line>
      <line branch="true" condition-coverage="50% (1/2)" hits="4"
       number="267">
       <conditions>
        <condition coverage="50%" number="0" type="jump"/>
       </conditions>
      </line>
      <line branch="true" condition-coverage="50% (1/2)" hits="4"
       number="268">
       <conditions>
        <condition coverage="50%" number="0" type="jump"/>
       </conditions>
      </line>
      <line branch="true" condition-coverage="50% (1/2)" hits="4"
       number="269">
       <conditions>
        <condition coverage="50%" number="0" type="jump"/>
       </conditions>
      </line>
      <line branch="false" hits="4" number="271"/>
      <line branch="false" hits="4" number="278"/>
      <line branch="true" condition-coverage="5% (2/36)" hits="4"
       number="280">
       <conditions>
        <condition coverage="5%" number="0" type="jump"/>
       </conditions>
      </line>
      <line branch="true" condition-coverage="50% (1/2)" hits="4"
       number="282">
       <conditions>
        <condition coverage="50%" number="0" type="jump"/>
       </conditions>
      </line>
      <line branch="true" condition-coverage="50% (1/2)" hits="4"
       number="283">
       <conditions>
        <condition coverage="50%" number="0" type="jump"/>
       </conditions>
      </line>
      <line branch="true" condition-coverage="50% (1/2)" hits="4"
       number="284">
       <conditions>
        <condition coverage="50%" number="0" type="jump"/>
       </conditions>
      </line>
      <line branch="false" hits="4" number="286"/>
      <line branch="false" hits="0" number="293"/>
      <line branch="true" condition-coverage="0% (0/2)" hits="0" number="295">
       <conditions>
        <condition coverage="0%" number="0" type="jump"/>
       </conditions>
      </line>
      <line branch="true" condition-coverage="0% (0/2)" hits="0" number="296">
       <conditions>
        <condition coverage="0%" number="0" type="jump"/>
       </conditions>
[...]
      <line branch="true" condition-coverage="50% (1/2)" hits="2"
       number="277">
       <conditions>
        <condition coverage="50%" number="0" type="jump"/>
       </conditions>
      </line>
      <line branch="true" condition-coverage="50% (1/2)" hits="2"
       number="278">
       <conditions>
        <condition coverage="50%" number="0" type="jump"/>
       </conditions>
      </line>
      <line branch="true" condition-coverage="50% (2/4)" hits="1"
       number="280">
       <conditions>
        <condition coverage="50%" number="0" type="jump"/>
       </conditions>
      </line>
      <line branch="false" hits="1" number="282"/>
      <line branch="true" condition-coverage="50% (1/2)" hits="1"
       number="283">
       <conditions>
        <condition coverage="50%" number="0" type="jump"/>
       </conditions>
      </line>
      <line branch="true" condition-coverage="50% (1/2)" hits="1"
       number="285">
       <conditions>
        <condition coverage="50%" number="0" type="jump"/>
       </conditions>
      </line>
      <line branch="true" condition-coverage="50% (1/2)" hits="1"
       number="287">
       <conditions>
        <condition coverage="50%" number="0" type="jump"/>
       </conditions>
      </line>
      <line branch="true" condition-coverage="50% (2/4)" hits="1"
       number="289">
       <conditions>
        <condition coverage="50%" number="0" type="jump"/>
       </conditions>
      </line>
      <line branch="true" condition-coverage="21% (3/14)" hits="1"
       number="291">
       <conditions>
        <condition coverage="21%" number="0" type="jump"/>
       </conditions>
      </line>
      <line branch="true" condition-coverage="27% (5/18)" hits="1"
       number="292">
       <conditions>
        <condition coverage="27%" number="0" type="jump"/>
       </conditions>
      </line>
      <line branch="false" hits="1" number="293"/>
      <line branch="false" hits="1" number="295"/>
      <line branch="true" condition-coverage="50% (1/2)" hits="2"
       number="297">
       <conditions>
        <condition coverage="50%" number="0" type="jump"/>
       </conditions>
      </line>
      <line branch="true" condition-coverage="50% (2/4)" hits="1"
       number="299">
       <conditions>
        <condition coverage="50%" number="0" type="jump"/>
       </conditions>
      </line>
      <line branch="true" condition-coverage="50% (1/2)" hits="2"
       number="301">
       <conditions>
        <condition coverage="50%" number="0" type="jump"/>
       </conditions>
      </line>
      <line branch="true" condition-coverage="50% (1/2)" hits="2"
       number="304">
       <conditions>
        <condition coverage="50%" number="0" type="jump"/>
       </conditions>
      </line>
      <line branch="true" condition-coverage="50% (4/8)" hits="8"
       number="306">
       <conditions>
        <condition coverage="50%" number="0" type="jump"/>
       </conditions>
      </line>
      <line branch="true" condition-coverage="50% (1/2)" hits="1"
       number="308">
       <conditions>
        <condition coverage="50%" number="0" type="jump"/>
       </conditions>
      </line>
      <line branch="true" condition-coverage="27% (5/18)" hits="1"
       number="310">
       <conditions>
        <condition coverage="27%" number="0" type="jump"/>
       </conditions>
      </line>
      <line branch="false" hits="1" number="311"/>
      <line branch="false" hits="1" number="313"/>
      <line branch="true" condition-coverage="50% (1/2)" hits="2"
       number="315">
       <conditions>
        <condition coverage="50%" number="0" type="jump"/>
       </conditions>
      </line>
      <line branch="true" condition-coverage="50% (2/4)" hits="1"
       number="317">
       <conditions>
        <condition coverage="50%" number="0" type="jump"/>
       </conditions>
      </line>
      <line branch="true" condition-coverage="50% (4/8)" hits="7"
       number="323">
       <conditions>
        <condition coverage="50%" number="0" type="jump"/>
       </conditions>
      </line>
      <line branch="true" condition-coverage="27% (5/18)" hits="2"
       number="325">
       <conditions>
        <condition coverage="27%" number="0" type="jump"/>
       </conditions>
      </line>
      <line branch="false" hits="1" number="326"/>
      <line branch="false" hits="1" number="328"/>
      <line branch="true" condition-coverage="50% (1/2)" hits="2"
       number="330">
       <conditions>
        <condition coverage="50%" number="0" type="jump"/>
       </conditions>
      </line>
      <line branch="true" condition-coverage="50% (2/4)" hits="1"
       number="332">
       <conditions>
        <condition coverage="50%" number="0" type="jump"/>
       </conditions>
      </line>
      <line branch="true" condition-coverage="50% (1/2)" hits="2"
       number="334">
       <conditions>
        <condition coverage="50%" number="0" type="jump"/>
       </conditions>
      </line>
      <line branch="true" condition-coverage="50% (1/2)" hits="1"
       number="335">
       <conditions>
        <condition coverage="50%" number="0" type="jump"/>
       </conditions>
      </line>
      <line branch="false" hits="1" number="337"/>
      <line branch="true" condition-coverage="50% (1/2)" hits="1"
       number="339">
       <conditions>
        <condition coverage="50%" number="0" type="jump"/>
       </conditions>
      </line>
      <line branch="true" condition-coverage="50% (2/4)" hits="1"
       number="341">
       <conditions>
        <condition coverage="50%" number="0" type="jump"/>
       </conditions>
      </line>
      <line branch="true" condition-coverage="21% (3/14)" hits="1"
       number="343">
       <conditions>
        <condition coverage="21%" number="0" type="jump"/>
       </conditions>
      </line>
      <line branch="false" hits="1" number="344"/>
      <line branch="false" hits="1" number="346"/>
      <line branch="true" condition-coverage="50% (1/2)" hits="2"
       number="348">
       <conditions>
        <condition coverage="50%" number="0" type="jump"/>
       </conditions>
      </line>
      <line branch="true" condition-coverage="50% (2/4)" hits="1"
       number="350">
       <conditions>
        <condition coverage="50%" number="0" type="jump"/>
       </conditions>
      </line>
      <line branch="true" condition-coverage="50% (1/2)" hits="2"
       number="352">
       <conditions>
        <condition coverage="50%" number="0" type="jump"/>
       </conditions>
      </line>
      <line branch="true" condition-coverage="27% (5/18)" hits="2"
       number="354">
       <conditions>
        <condition coverage="27%" number="0" type="jump"/>
       </conditions>
      </line>
      <line branch="false" hits="1" number="355"/>
      <line branch="false" hits="1" number="357"/>
      <line branch="true" condition-coverage="50% (1/2)" hits="2"
       number="359">
       <conditions>
        <condition coverage="50%" number="0" type="jump"/>
       </conditions>
      </line>
      <line branch="true" condition-coverage="50% (1/2)" hits="2"
       number="360">
       <conditions>
        <condition coverage="50%" number="0" type="jump"/>
       </conditions>
      </line>
      <line branch="true" condition-coverage="50% (2/4)" hits="1"
       number="362">
       <conditions>
        <condition coverage="50%" number="0" type="jump"/>
       </conditions>
      </line>
      <line branch="true" condition-coverage="50% (1/2)" hits="2"
       number="364">
       <conditions>
        <condition coverage="50%" number="0" type="jump"/>
       </conditions>
      </line>
      <line branch="false" hits="1" number="365"/>
      <line branch="false" hits="1" number="366"/>
      <line branch="false" hits="1" number="367"/>
      <line branch="false" hits="1" number="368"/>
      <line branch="true" condition-coverage="50% (2/4)" hits="1"
       number="370">
       <conditions>
        <condition coverage="50%" number="0" type="jump"/>
       </conditions>
      </line>
      <line branch="true" condition-coverage="50% (1/2)" hits="1"
       number="372">
       <conditions>
        <condition coverage="50%" number="0" type="jump"/>
       </conditions>
      </line>
      <line branch="true" condition-coverage="50% (2/4)" hits="1"
       number="374">
       <conditions>
        <condition coverage="50%" number="0" type="jump"/>
       </conditions>
      </line>
      <line branch="true" condition-coverage="50% (1/2)" hits="1"
       number="376">
       <conditions>
        <condition coverage="50%" number="0" type="jump"/>
       </conditions>
      </line>
      <line branch="false" hits="1" number="378"/>
      <line branch="true" condition-coverage="21% (3/14)" hits="1"
       number="380">
       <conditions>
        <condition coverage="21%" number="0" type="jump"/>
       </conditions>
      </line>
      <line branch="false" hits="1" number="381"/>
      <line branch="false" hits="1" number="383"/>
      <line branch="true" condition-coverage="50% (1/2)" hits="2"
       number="385">
       <conditions>
        <condition coverage="50%" number="0" type="jump"/>
       </conditions>
      </line>
      <line branch="true" condition-coverage="50% (1/2)" hits="2"
       number="386">
       <conditions>
        <condition coverage="50%" number="0" type="jump"/>
       </conditions>
      </line>
      <line branch="true" condition-coverage="50% (2/4)" hits="1"
       number="388">
       <conditions>
        <condition coverage="50%" number="0" type="jump"/>
       </conditions>
      </line>
      <line branch="true" condition-coverage="50% (1/2)" hits="2"
       number="390">
       <conditions>
        <condition coverage="50%" number="0" type="jump"/>
       </conditions>
      </line>
      <line branch="false" hits="1" number="391"/>
      <line branch="false" hits="1" number="392"/>
      <line branch="false" hits="1" number="393"/>
      <line branch="false" hits="1" number="394"/>
      <line branch="true" condition-coverage="50% (2/4)" hits="1"
       number="396">
       <conditions>
        <condition coverage="50%" number="0" type="jump"/>
       </conditions>
      </line>
      <line branch="true" condition-coverage="50% (2/4)" hits="1"
       number="398">
       <conditions>
        <condition coverage="50%" number="0" type="jump"/>
       </conditions>
      </line>
      <line branch="true" condition-coverage="50% (2/4)" hits="1"
       number="400">
       <conditions>
        <condition coverage="50%" number="0" type="jump"/>
       </conditions>
      </line>
      <line branch="true" condition-coverage="21% (3/14)" hits="1"
       number="402">
       <conditions>
        <condition coverage="21%" number="0" type="jump"/>
       </conditions>
      </line>
      <line branch="false" hits="1" number="403"/>
      <line branch="false" hits="1" number="405"/>
      <line branch="true" condition-coverage="50% (1/2)" hits="2"
       number="407">
       <conditions>
        <condition coverage="50%" number="0" type="jump"/>
       </conditions>
      </line>
      <line branch="true" condition-coverage="50% (2/4)" hits="1"
       number="409">
       <conditions>
        <condition coverage="50%" number="0" type="jump"/>
       </conditions>
      </line>
      <line branch="false" hits="1" number="411"/>
      <line branch="false" hits="1" number="412"/>
      <line branch="false" hits="1" number="413"/>
      <line branch="false" hits="1" number="414"/>
      <line branch="false" hits="1" number="415"/>
      <line branch="true" condition-coverage="50% (1/2)" hits="2"
       number="417">
       <conditions>
        <condition coverage="50%" number="0" type="jump"/>
       </conditions>
      </line>
      <line branch="true" condition-coverage="50% (1/2)" hits="2"
       number="418">
       <conditions>
        <condition coverage="50%" number="0" type="jump"/>
       </conditions>
      </line>
      <line branch="true" condition-coverage="50% (1/2)" hits="2"
       number="419">
       <conditions>
        <condition coverage="50%" number="0" type="jump"/>
       </conditions>
      </line>
      <line branch="true" condition-coverage="50% (1/2)" hits="2"
       number="420">
       <conditions>
        <condition coverage="50%" number="0" type="jump"/>
       </conditions>
      </line>
      <line branch="true" condition-coverage="50% (1/2)" hits="2"
       number="421">
       <conditions>
        <condition coverage="50%" number="0" type="jump"/>
       </conditions>
      </line>
      <line branch="true" condition-coverage="50% (36/72)" hits="35"
       number="424">
       <conditions>
        <condition coverage="50%" number="0" type="jump"/>
       </conditions>
      </line>
      <line branch="true" condition-coverage="50% (1/2)" hits="1"
       number="425">
       <conditions>
        <condition coverage="50%" number="0" type="jump"/>
       </conditions>
      </line>
      <line branch="true" condition-coverage="25% (4/16)" hits="1"
       number="427">
       <conditions>
        <condition coverage="25%" number="0" type="jump"/>
       </conditions>
      </line>
      <line branch="true" condition-coverage="25% (4/16)" hits="1"
       number="428">
       <conditions>
        <condition coverage="25%" number="0" type="jump"/>
       </conditions>
      </line>
      <line branch="true" condition-coverage="25% (4/16)" hits="1"
       number="429">
       <conditions>
        <condition coverage="25%" number="0" type="jump"/>
       </conditions>
      </line>
      <line branch="true" condition-coverage="25% (4/16)" hits="1"
       number="430">
       <conditions>
        <condition coverage="25%" number="0" type="jump"/>
       </conditions>
      </line>
      <line branch="true" condition-coverage="25% (4/16)" hits="1"
       number="431">
       <conditions>
        <condition coverage="25%" number="0" type="jump"/>
       </conditions>
      </line>
      <line branch="true" condition-coverage="21% (3/14)" hits="1"
       number="432">
       <conditions>
        <condition coverage="21%" number="0" type="jump"/>
       </conditions>
      </line>
      <line branch="false" hits="1" number="433"/>
      <line branch="true" condition-coverage="50% (5/10)" hits="4"
       number="435">
       <conditions>
        <condition coverage="50%" number="0" type="jump"/>
       </conditions>
      </line>
      <line branch="true" condition-coverage="50% (1/2)" hits="8"
       number="437">
       <conditions>
        <condition coverage="50%" number="0" type="jump"/>
       </conditions>
      </line>
      <line branch="true" condition-coverage="50% (2/4)" hits="4"
       number="439">
       <conditions>
        <condition coverage="50%" number="0" type="jump"/>
       </conditions>
      </line>
      <line branch="true" condition-coverage="50% (1/2)" hits="4"
       number="442">
       <conditions>
        <condition coverage="50%" number="0" type="jump"/>
       </conditions>
      </line>
      <line branch="true" condition-coverage="50% (5/10)" hits="32"
       number="443">
       <conditions>
        <condition coverage="50%" number="0" type="jump"/>
       </conditions>
      </line>
      <line branch="true" condition-coverage="50% (1/2)" hits="4"
       number="444">
       <conditions>
        <condition coverage="50%" number="0" type="jump"/>
       </conditions>
      </line>
      <line branch="true" condition-coverage="50% (2/4)" hits="4"
       number="446">
       <conditions>
        <condition coverage="50%" number="0" type="jump"/>
       </conditions>
      </line>
      <line branch="true" condition-coverage="27% (5/18)" hits="4"
       number="448">
       <conditions>
        <condition coverage="27%" number="0" type="jump"/>
       </conditions>
      </line>
      <line branch="false" hits="4" number="449"/>
      <line branch="true" condition-coverage="50% (6/12)" hits="1"
       number="451">
       <conditions>
        <condition coverage="50%" number="0" type="jump"/>
       </conditions>
      </line>
      <line branch="true" condition-coverage="50% (5/10)" hits="4"
       number="462">
       <conditions>
        <condition coverage="50%" number="0" type="jump"/>
       </conditions>
      </line>
      <line branch="true" condition-coverage="50% (1/2)" hits="8"
       number="464">
       <conditions>
        <condition coverage="50%" number="0" type="jump"/>
       </conditions>
      </line>
      <line branch="true" condition-coverage="50% (2/4)" hits="4"
       number="466">
       <conditions>
        <condition coverage="50%" number="0" type="jump"/>
       </conditions>
      </line>
      <line branch="true" condition-coverage="50% (2/4)" hits="8"
       number="468">
       <conditions>
        <condition coverage="50%" number="0" type="jump"/>
       </conditions>
      </line>
      <line branch="true" condition-coverage="50% (1/2)" hits="4"
       number="470">
       <conditions>
        <condition coverage="50%" number="0" type="jump"/>
       </conditions>
      </line>
      <line branch="true" condition-coverage="50% (1/2)" hits="4"
       number="472">
       <conditions>
        <condition coverage="50%" number="0" type="jump"/>
       </conditions>
      </line>
      <line branch="true" condition-coverage="27% (5/18)" hits="4"
       number="474">
       <conditions>
        <condition coverage="27%" number="0" type="jump"/>
       </conditions>
      </line>
      <line branch="false" hits="4" number="475"/>
      <line branch="true" condition-coverage="50% (6/12)" hits="1"
       number="477">
       <conditions>
        <condition coverage="50%" number="0" type="jump"/>
       </conditions>
      </line>
      <line branch="true" condition-coverage="50% (5/10)" hits="3"
       number="488">
       <conditions>
        <condition coverage="50%" number="0" type="jump"/>
       </conditions>
      </line>
      <line branch="true" condition-coverage="50% (1/2)" hits="6"
       number="490">
       <conditions>
        <condition coverage="50%" number="0" type="jump"/>
       </conditions>
      </line>
      <line branch="true" condition-coverage="50% (2/4)" hits="3"
       number="492">
       <conditions>
        <condition coverage="50%" number="0" type="jump"/>
       </conditions>
      </line>
      <line branch="true" condition-coverage="50% (2/4)" hits="6"
       number="494">
       <conditions>
        <condition coverage="50%" number="0" type="jump"/>
       </conditions>
      </line>
      <line branch="true" condition-coverage="50% (5/10)" hits="21"
       number="497">
       <conditions>
        <condition coverage="50%" number="0" type="jump"/>
       </conditions>
      </line>
      <line branch="true" condition-coverage="50% (1/2)" hits="3"
       number="498">
       <conditions>
        <condition coverage="50%" number="0" type="jump"/>
       </conditions>
      </line>
      <line branch="true" condition-coverage="50% (1/2)" hits="3"
       number="499">
       <conditions>
        <condition coverage="50%" number="0" type="jump"/>
       </conditions>
      </line>
      <line branch="true" condition-coverage="27% (5/18)" hits="3"
       number="501">
       <conditions>
        <condition coverage="27%" number="0" type="jump"/>
       </conditions>
      </line>
      <line branch="false" hits="3" number="502"/>
      <line branch="true" condition-coverage="50% (5/10)" hits="1"
       number="504">
       <conditions>
        <condition coverage="50%" number="0" type="jump"/>
       </conditions>
      </line>
     </lines>
    </class>
    <class branch-rate="0.0" complexity="0.0" filename="test/MuxManagerTest.h"
     line-rate="1.0" name="MuxManagerTest_h">
     <methods/>
     <lines>
      <line branch="false" hits="21" number="46"/>
     </lines>
    </class>
   </classes>
  </package>
 </packages>
</coverage>

